标准项：公告ID
标准数据集数：3185
测评数据集数：3000
主键匹配据集数：1399
正确：3185
错误：0
未检出：0
错检出：0
标准项：甲方
标准数据集数：2664
测评数据集数：2287
主键匹配据集数：1192
正确：1458
错误：717
未检出：489
错检出：243
标准项：乙方
标准数据集数：3185
测评数据集数：2974
主键匹配据集数：1399
正确：2422
错误：729
未检出：34
错检出：0
标准项：项目名称
标准数据集数：2326
测评数据集数：2073
主键匹配据集数：390
正确：725
错误：1183
未检出：418
错检出：258
标准项：合同名称
标准数据集数：1081
测评数据集数：928
主键匹配据集数：278
正确：580
错误：422
未检出：79
错检出：58
标准项：金额上限
标准数据集数：2840
测评数据集数：2272
主键匹配据集数：939
正确：1860
错误：436
未检出：544
错检出：73
标准项：金额下限
标准数据集数：2836
测评数据集数：2272
主键匹配据集数：938
正确：1860
错误：435
未检出：541
错检出：74
标准项：联合体成员
标准数据集数：461
测评数据集数：400
主键匹配据集数：72
正确：108
错误：230
未检出：123
错检出：91
